<?xml version="1.0" encoding="UTF-8"?>
<testsuite xmlns:xsi="http://www.w3.org/2001/XMLSchema-instance" xsi:noNamespaceSchemaLocation="https://maven.apache.org/surefire/maven-surefire-plugin/xsd/surefire-test-report.xsd" name="org.openapitools.api.ApplicationTest" time="1.297" tests="10" errors="0" skipped="0" failures="10">
  <properties>
[...]
</properties>
  <testcase name="testLoginButtonClickEndpoint" classname="org.openapitools.api.ApplicationTest" time="0.06">
    <failure message="Status expected:&lt;200&gt; but was:&lt;404&gt;" type="java.lang.AssertionError"><![CDATA[java.lang.AssertionError: Status expected:<200> but was:<404>
	at org.openapitools.api.ApplicationTest.testLoginButtonClickEndpoint(ApplicationTest.java:65)
]]></failure>
    <system-out><![CDATA[2024-05-01 14:31:55.683  INFO 3932 --- [           main] .b.t.c.SpringBootTestContextBootstrapper : Neither @ContextConfiguration nor @ContextHierarchy found for test class [org.openapitools.api.ApplicationTest], using SpringBootContextLoader
2024-05-01 14:31:55.684  INFO 3932 --- [           main] o.s.t.c.support.AbstractContextLoader    : Could not detect default resource locations for test class [org.openapitools.api.ApplicationTest]: no resource found for suffixes {-context.xml, Context.groovy}.
2024-05-01 14:31:55.684  INFO 3932 --- [           main] t.c.s.AnnotationConfigContextLoaderUtils : Could not detect default configuration classes for test class [org.openapitools.api.ApplicationTest]: ApplicationTest does not declare any static, non-private, non-final, nested classes annotated with @Configuration.
2024-05-01 14:31:55.703  INFO 3932 --- [           main] .b.t.c.SpringBootTestContextBootstrapper : Found @SpringBootConfiguration org.openapitools.OpenApiGeneratorApplication for test class org.openapitools.api.ApplicationTest
2024-05-01 14:31:55.705  INFO 3932 --- [           main] .b.t.c.SpringBootTestContextBootstrapper : Loaded default TestExecutionListener class names from location [META-INF/spring.factories]: [org.springframework.boot.test.mock.mockito.MockitoTestExecutionListener, org.springframework.boot.test.mock.mockito.ResetMocksTestExecutionListener, org.springframework.boot.test.autoconfigure.restdocs.RestDocsTestExecutionListener, org.springframework.boot.test.autoconfigure.web.client.MockRestServiceServerResetTestExecutionListener, org.springframework.boot.test.autoconfigure.web.servlet.MockMvcPrintOnlyOnFailureTestExecutionListener, org.springframework.boot.test.autoconfigure.web.servlet.WebDriverTestExecutionListener, org.springframework.boot.test.autoconfigure.webservices.client.MockWebServiceServerTestExecutionListener, org.springframework.test.context.web.ServletTestExecutionListener, org.springframework.test.context.support.DirtiesContextBeforeModesTestExecutionListener, org.springframework.test.context.event.ApplicationEventsTestExecutionListener, org.springframework.test.context.support.DependencyInjectionTestExecutionListener, org.springframework.test.context.support.DirtiesContextTestExecutionListener, org.springframework.test.context.transaction.TransactionalTestExecutionListener, org.springframework.test.context.jdbc.SqlScriptsTestExecutionListener, org.springframework.test.context.event.EventPublishingTestExecutionListener]
2024-05-01 14:31:55.705  INFO 3932 --- [           main] .b.t.c.SpringBootTestContextBootstrapper : Using TestExecutionListeners: [org.springframework.test.context.web.ServletTestExecutionListener@7953a656, org.springframework.test.context.support.DirtiesContextBeforeModesTestExecutionListener@60f6c148, org.springframework.test.context.event.ApplicationEventsTestExecutionListener@3327406e, org.springframework.boot.test.mock.mockito.MockitoTestExecutionListener@a8dedda, org.springframework.boot.test.autoconfigure.SpringBootDependencyInjectionTestExecutionListener@6e089bcb, org.springframework.test.context.support.DirtiesContextTestExecutionListener@38a2fbc3, org.springframework.test.context.event.EventPublishingTestExecutionListener@318ff889, org.springframework.boot.test.mock.mockito.ResetMocksTestExecutionListener@5409305f, org.springframework.boot.test.autoconfigure.restdocs.RestDocsTestExecutionListener@7e753fd6, org.springframework.boot.test.autoconfigure.web.client.MockRestServiceServerResetTestExecutionListener@51a6af38, org.springframework.boot.test.autoconfigure.web.servlet.MockMvcPrintOnlyOnFailureTestExecutionListener@1f234e35, org.springframework.boot.test.autoconfigure.web.servlet.WebDriverTestExecutionListener@2350e46, org.springframework.boot.test.autoconfigure.webservices.client.MockWebServiceServerTestExecutionListener@55691a59]

  .   ____          _            __ _ _
 /\\ / ___'_ __ _ _(_)_ __  __ _ \ \ \ \
( ( )\___ | '_ | '_| | '_ \/ _` | \ \ \ \
 \\/  ___)| |_)| | | | | || (_| |  ) ) ) )
  '  |____| .__|_| |_|_| |_\__, | / / / /
 =========|_|==============|___/=/_/_/_/
 :: Spring Boot ::               (v2.7.15)

2024-05-01 14:31:55.736  INFO 3932 --- [           main] org.openapitools.api.ApplicationTest     : Starting ApplicationTest using Java 21.0.1 on Garvits-MacBook-Pro.local with PID 3932 (started by garvitjethwani in /private/var/tmp/Roost/RoostGPT/ApplicationTest/1714553950/source/LoginApp)
2024-05-01 14:31:55.736  INFO 3932 --- [           main] org.openapitools.api.ApplicationTest     : No active profile set, falling back to 1 default profile: "default"
2024-05-01 14:31:56.653  INFO 3932 --- [           main] o.s.b.t.m.w.SpringBootMockServletContext : Initializing Spring TestDispatcherServlet ''
2024-05-01 14:31:56.653  INFO 3932 --- [           main] o.s.t.web.servlet.TestDispatcherServlet  : Initializing Servlet ''
2024-05-01 14:31:56.654  INFO 3932 --- [           main] o.s.t.web.servlet.TestDispatcherServlet  : Completed initialization in 1 ms
2024-05-01 14:31:56.665  INFO 3932 --- [           main] org.openapitools.api.ApplicationTest     : Started ApplicationTest in 0.957 seconds (JVM running for 6.305)

MockHttpServletRequest:
      HTTP Method = POST
      Request URI = /login/button-click
       Parameters = {}
          Headers = []
             Body = null
    Session Attrs = {}

Handler:
             Type = org.springframework.web.servlet.resource.ResourceHttpRequestHandler

Async:
    Async started = false
     Async result = null

Resolved Exception:
             Type = null

ModelAndView:
        View name = null
             View = null
            Model = null

FlashMap:
       Attributes = null

MockHttpServletResponse:
           Status = 404
    Error message = null
          Headers = [Vary:"Origin", "Access-Control-Request-Method", "Access-Control-Request-Headers"]
     Content type = null
             Body = 
    Forwarded URL = null
   Redirected URL = null
          Cookies = []
]]></system-out>
  </testcase>
  <testcase name="testLoginEndpoint" classname="org.openapitools.api.ApplicationTest" time="0.159">
    <failure message="Status expected:&lt;200&gt; but was:&lt;401&gt;" type="java.lang.AssertionError"><![CDATA[java.lang.AssertionError: Status expected:<200> but was:<401>
	at org.openapitools.api.ApplicationTest.testLoginEndpoint(ApplicationTest.java:59)
]]></failure>
    <system-out><![CDATA[
MockHttpServletRequest:
      HTTP Method = POST
      Request URI = /login
       Parameters = {}
          Headers = [Content-Type:"application/json;charset=UTF-8", Content-Length:"37"]
             Body = {"username":"user","password":"pass"}
    Session Attrs = {}

Handler:
             Type = org.openapitools.api.LoginApiController
           Method = org.openapitools.api.LoginApiController#loginPost(LoginPostRequest)

Async:
    Async started = false
     Async result = null

Resolved Exception:
             Type = null

ModelAndView:
        View name = null
             View = null
            Model = null

FlashMap:
       Attributes = null

MockHttpServletResponse:
           Status = 401
    Error message = null
          Headers = [Content-Type:"application/json"]
     Content type = application/json
             Body = {"message":"Invalid username or password","status":"401"}
    Forwarded URL = null
   Redirected URL = null
          Cookies = []
]]></system-out>
  </testcase>
  <testcase name="testAccessibilityEndpoint" classname="org.openapitools.api.ApplicationTest" time="0.015">
    <failure message="Status expected:&lt;200&gt; but was:&lt;501&gt;" type="java.lang.AssertionError"><![CDATA[java.lang.AssertionError: Status expected:<200> but was:<501>
	at org.openapitools.api.ApplicationTest.testAccessibilityEndpoint(ApplicationTest.java:37)
]]></failure>
    <system-out><![CDATA[
MockHttpServletRequest:
      HTTP Method = GET
      Request URI = /accessibility
       Parameters = {}
          Headers = []
             Body = null
    Session Attrs = {}

Handler:
             Type = org.openapitools.api.AccessibilityApiController
           Method = org.openapitools.api.AccessibilityApiController#accessibilityGet()

Async:
    Async started = false
     Async result = null

Resolved Exception:
             Type = null

ModelAndView:
        View name = null
             View = null
            Model = null

FlashMap:
       Attributes = null

MockHttpServletResponse:
           Status = 501
    Error message = null
          Headers = []
     Content type = null
             Body = 
    Forwarded URL = null
   Redirected URL = null
          Cookies = []
]]></system-out>
  </testcase>
  <testcase name="testViewportEndpoint" classname="org.openapitools.api.ApplicationTest" time="0.017">
    <failure message="Status expected:&lt;200&gt; but was:&lt;501&gt;" type="java.lang.AssertionError"><![CDATA[java.lang.AssertionError: Status expected:<200> but was:<501>
	at org.openapitools.api.ApplicationTest.testViewportEndpoint(ApplicationTest.java:98)
]]></failure>
    <system-out><![CDATA[
MockHttpServletRequest:
      HTTP Method = GET
      Request URI = /viewport
       Parameters = {}
          Headers = []
             Body = null
    Session Attrs = {}

Handler:
             Type = org.openapitools.api.ViewportApiController
           Method = org.openapitools.api.ViewportApiController#viewportGet()

Async:
    Async started = false
     Async result = null

Resolved Exception:
             Type = null

ModelAndView:
        View name = null
             View = null
            Model = null

FlashMap:
       Attributes = null

MockHttpServletResponse:
           Status = 501
    Error message = null
          Headers = []
     Content type = null
             Body = 
    Forwarded URL = null
   Redirected URL = null
          Cookies = []
]]></system-out>
  </testcase>
  <testcase name="testBrowserCompatibilityEndpoint" classname="org.openapitools.api.ApplicationTest" time="0.013">
    <failure message="Status expected:&lt;200&gt; but was:&lt;501&gt;" type="java.lang.AssertionError"><![CDATA[java.lang.AssertionError: Status expected:<200> but was:<501>
	at org.openapitools.api.ApplicationTest.testBrowserCompatibilityEndpoint(ApplicationTest.java:43)
]]></failure>
    <system-out><![CDATA[
MockHttpServletRequest:
      HTTP Method = GET
      Request URI = /browser-compatibility
       Parameters = {}
          Headers = []
             Body = null
    Session Attrs = {}

Handler:
             Type = org.openapitools.api.BrowserCompatibilityApiController
           Method = org.openapitools.api.BrowserCompatibilityApiController#browserCompatibilityGet()

Async:
    Async started = false
     Async result = null

Resolved Exception:
             Type = null

ModelAndView:
        View name = null
             View = null
            Model = null

FlashMap:
       Attributes = null

MockHttpServletResponse:
           Status = 501
    Error message = null
          Headers = []
     Content type = null
             Body = 
    Forwarded URL = null
   Redirected URL = null
          Cookies = []
]]></system-out>
  </testcase>
  <testcase name="testCredentialsObscuredEndpoint" classname="org.openapitools.api.ApplicationTest" time="0.02">
    <failure message="Status expected:&lt;200&gt; but was:&lt;501&gt;" type="java.lang.AssertionError"><![CDATA[java.lang.AssertionError: Status expected:<200> but was:<501>
	at org.openapitools.api.ApplicationTest.testCredentialsObscuredEndpoint(ApplicationTest.java:50)
]]></failure>
    <system-out><![CDATA[
MockHttpServletRequest:
      HTTP Method = GET
      Request URI = /credentials-obscured
       Parameters = {}
          Headers = []
             Body = null
    Session Attrs = {}

Handler:
             Type = org.openapitools.api.CredentialsObscuredApiController
           Method = org.openapitools.api.CredentialsObscuredApiController#credentialsObscuredGet()

Async:
    Async started = false
     Async result = null

Resolved Exception:
             Type = null

ModelAndView:
        View name = null
             View = null
            Model = null

FlashMap:
       Attributes = null

MockHttpServletResponse:
           Status = 501
    Error message = null
          Headers = []
     Content type = null
             Body = 
    Forwarded URL = null
   Redirected URL = null
          Cookies = []
]]></system-out>
  </testcase>
  <testcase name="testLoginPageLoadEndpoint" classname="org.openapitools.api.ApplicationTest" time="0.004">
    <failure message="Status expected:&lt;200&gt; but was:&lt;404&gt;" type="java.lang.AssertionError"><![CDATA[java.lang.AssertionError: Status expected:<200> but was:<404>
	at org.openapitools.api.ApplicationTest.testLoginPageLoadEndpoint(ApplicationTest.java:77)
]]></failure>
    <system-out><![CDATA[
MockHttpServletRequest:
      HTTP Method = GET
      Request URI = /login/page-load
       Parameters = {}
          Headers = []
             Body = null
    Session Attrs = {}

Handler:
             Type = org.springframework.web.servlet.resource.ResourceHttpRequestHandler

Async:
    Async started = false
     Async result = null

Resolved Exception:
             Type = null

ModelAndView:
        View name = null
             View = null
            Model = null

FlashMap:
       Attributes = null

MockHttpServletResponse:
           Status = 404
    Error message = null
          Headers = [Vary:"Origin", "Access-Control-Request-Method", "Access-Control-Request-Headers"]
     Content type = null
             Body = 
    Forwarded URL = null
   Redirected URL = null
          Cookies = []
]]></system-out>
  </testcase>
  <testcase name="testUsernameEndpoint" classname="org.openapitools.api.ApplicationTest" time="0.014">
    <failure message="Status expected:&lt;200&gt; but was:&lt;501&gt;" type="java.lang.AssertionError"><![CDATA[java.lang.AssertionError: Status expected:<200> but was:<501>
	at org.openapitools.api.ApplicationTest.testUsernameEndpoint(ApplicationTest.java:92)
]]></failure>
    <system-out><![CDATA[
MockHttpServletRequest:
      HTTP Method = POST
      Request URI = /username
       Parameters = {}
          Headers = [Content-Type:"application/json;charset=UTF-8", Content-Length:"22"]
             Body = {"username":"newuser"}
    Session Attrs = {}

Handler:
             Type = org.openapitools.api.UsernameApiController
           Method = org.openapitools.api.UsernameApiController#usernamePost(UsernamePostRequest)

Async:
    Async started = false
     Async result = null

Resolved Exception:
             Type = null

ModelAndView:
        View name = null
             View = null
            Model = null

FlashMap:
       Attributes = null

MockHttpServletResponse:
           Status = 501
    Error message = null
          Headers = []
     Content type = null
             Body = 
    Forwarded URL = null
   Redirected URL = null
          Cookies = []
]]></system-out>
  </testcase>
  <testcase name="testPasswordEndpoint" classname="org.openapitools.api.ApplicationTest" time="0.009">
    <failure message="Status expected:&lt;200&gt; but was:&lt;501&gt;" type="java.lang.AssertionError"><![CDATA[java.lang.AssertionError: Status expected:<200> but was:<501>
	at org.openapitools.api.ApplicationTest.testPasswordEndpoint(ApplicationTest.java:85)
]]></failure>
    <system-out><![CDATA[
MockHttpServletRequest:
      HTTP Method = POST
      Request URI = /password
       Parameters = {}
          Headers = [Content-Type:"application/json;charset=UTF-8", Content-Length:"26"]
             Body = {"password":"newpassword"}
    Session Attrs = {}

Handler:
             Type = org.openapitools.api.PasswordApiController
           Method = org.openapitools.api.PasswordApiController#passwordPost(UsernamePostRequest)

Async:
    Async started = false
     Async result = null

Resolved Exception:
             Type = null

ModelAndView:
        View name = null
             View = null
            Model = null

FlashMap:
       Attributes = null

MockHttpServletResponse:
           Status = 501
    Error message = null
          Headers = []
     Content type = null
             Body = 
    Forwarded URL = null
   Redirected URL = null
          Cookies = []
]]></system-out>
  </testcase>
  <testcase name="testLoginButtonStatusEndpoint" classname="org.openapitools.api.ApplicationTest" time="0.004">
    <failure message="Status expected:&lt;200&gt; but was:&lt;404&gt;" type="java.lang.AssertionError"><![CDATA[java.lang.AssertionError: Status expected:<200> but was:<404>
	at org.openapitools.api.ApplicationTest.testLoginButtonStatusEndpoint(ApplicationTest.java:71)
]]></failure>
    <system-out><![CDATA[
MockHttpServletRequest:
      HTTP Method = GET
      Request URI = /login/button-status
       Parameters = {}
          Headers = []
             Body = null
    Session Attrs = {}

Handler:
             Type = org.springframework.web.servlet.resource.ResourceHttpRequestHandler

Async:
    Async started = false
     Async result = null

Resolved Exception:
             Type = null

ModelAndView:
        View name = null
             View = null
            Model = null

FlashMap:
       Attributes = null

MockHttpServletResponse:
           Status = 404
    Error message = null
          Headers = [Vary:"Origin", "Access-Control-Request-Method", "Access-Control-Request-Headers"]
     Content type = null
             Body = 
    Forwarded URL = null
   Redirected URL = null
          Cookies = []
]]></system-out>
  </testcase>
</testsuite>